This file contains any messages produced by compilers while
running configure, to aid debugging if configure makes a mistake.

It was created by FULL-PACKAGE-NAME configure VERSION, which was
generated by GNU Autoconf 2.61.  Invocation command line was

  $ ./configure 

## --------- ##
## Platform. ##
## --------- ##

hostname = localhost.localdomain
uname -m = i686
uname -r = 2.6.21-7.fc7xen
uname -s = Linux
uname -v = #1 SMP Tue Feb 12 12:32:24 EST 2008

/usr/bin/uname -p = unknown
/bin/uname -X     = unknown

/bin/arch              = i686
/usr/bin/arch -k       = unknown
/usr/convex/getsysinfo = unknown
/usr/bin/hostinfo      = unknown
/bin/machine           = unknown
/usr/bin/oslevel       = unknown
/bin/universe          = unknown

PATH: /usr/lib/qt-3.3/bin
PATH: /usr/kerberos/sbin
PATH: /usr/kerberos/bin
PATH: /usr/local/sbin
PATH: /usr/local/bin
PATH: /sbin
PATH: /bin
PATH: /usr/sbin
PATH: /usr/bin
PATH: /usr/X11R6/bin
PATH: /root/bin


## ----------- ##
## Core tests. ##
## ----------- ##

configure:1738: checking for gcc
configure:1754: found /usr/bin/gcc
configure:1765: result: gcc
configure:2003: checking for C compiler version
configure:2010: gcc --version >&5
gcc (GCC) 4.1.2 20070925 (Red Hat 4.1.2-27)
Copyright (C) 2006 Free Software Foundation, Inc.
This is free software; see the source for copying conditions.  There is NO
warranty; not even for MERCHANTABILITY or FITNESS FOR A PARTICULAR PURPOSE.

configure:2013: $? = 0
configure:2020: gcc -v >&5
Using built-in specs.
Target: i386-redhat-linux
Configured with: ../configure --prefix=/usr --mandir=/usr/share/man --infodir=/usr/share/info --enable-shared --enable-threads=posix --enable-checking=release --with-system-zlib --enable-__cxa_atexit --disable-libunwind-exceptions --enable-languages=c,c++,objc,obj-c++,java,fortran,ada --enable-java-awt=gtk --disable-dssi --enable-plugin --with-java-home=/usr/lib/jvm/java-1.5.0-gcj-1.5.0.0/jre --enable-libgcj-multifile --enable-java-maintainer-mode --with-ecj-jar=/usr/share/java/eclipse-ecj.jar --with-cpu=generic --host=i386-redhat-linux
Thread model: posix
gcc version 4.1.2 20070925 (Red Hat 4.1.2-27)
configure:2023: $? = 0
configure:2030: gcc -V >&5
gcc: '-V' option must have argument
configure:2033: $? = 1
configure:2056: checking for C compiler default output file name
configure:2083: gcc    conftest.c  >&5
configure:2086: $? = 0
configure:2124: result: a.out
configure:2141: checking whether the C compiler works
configure:2151: ./a.out
configure:2154: $? = 0
configure:2171: result: yes
configure:2178: checking whether we are cross compiling
configure:2180: result: no
configure:2183: checking for suffix of executables
configure:2190: gcc -o conftest    conftest.c  >&5
configure:2193: $? = 0
configure:2217: result: 
configure:2223: checking for suffix of object files
configure:2249: gcc -c   conftest.c >&5
configure:2252: $? = 0
configure:2275: result: o
configure:2279: checking whether we are using the GNU C compiler
configure:2308: gcc -c   conftest.c >&5
configure:2314: $? = 0
configure:2331: result: yes
configure:2336: checking whether gcc accepts -g
configure:2366: gcc -c -g  conftest.c >&5
configure:2372: $? = 0
configure:2471: result: yes
configure:2488: checking for gcc option to accept ISO C89
configure:2562: gcc  -c -g -O2  conftest.c >&5
configure:2568: $? = 0
configure:2591: result: none needed
configure:2614: checking for main in -lm
configure:2643: gcc -o conftest -g -O2   conftest.c -lm   >&5
configure:2649: $? = 0
configure:2667: result: yes
configure:2685: checking how to run the C preprocessor
configure:2725: gcc -E  conftest.c
configure:2731: $? = 0
configure:2762: gcc -E  conftest.c
conftest.c:9:28: error: ac_nonexistent.h: No such file or directory
configure:2768: $? = 1
configure: failed program was:
| /* confdefs.h.  */
| #define PACKAGE_NAME "FULL-PACKAGE-NAME"
| #define PACKAGE_TARNAME "full-package-name"
| #define PACKAGE_VERSION "VERSION"
| #define PACKAGE_STRING "FULL-PACKAGE-NAME VERSION"
| #define PACKAGE_BUGREPORT "BUG-REPORT-ADDRESS"
| #define HAVE_LIBM 1
| /* end confdefs.h.  */
| #include <ac_nonexistent.h>
configure:2801: result: gcc -E
configure:2830: gcc -E  conftest.c
configure:2836: $? = 0
configure:2867: gcc -E  conftest.c
conftest.c:9:28: error: ac_nonexistent.h: No such file or directory
configure:2873: $? = 1
configure: failed program was:
| /* confdefs.h.  */
| #define PACKAGE_NAME "FULL-PACKAGE-NAME"
| #define PACKAGE_TARNAME "full-package-name"
| #define PACKAGE_VERSION "VERSION"
| #define PACKAGE_STRING "FULL-PACKAGE-NAME VERSION"
| #define PACKAGE_BUGREPORT "BUG-REPORT-ADDRESS"
| #define HAVE_LIBM 1
| /* end confdefs.h.  */
| #include <ac_nonexistent.h>
configure:2911: checking for grep that handles long lines and -e
configure:2985: result: /bin/grep
configure:2990: checking for egrep
configure:3068: result: /bin/grep -E
configure:3073: checking for ANSI C header files
configure:3103: gcc -c -g -O2  conftest.c >&5
configure:3109: $? = 0
configure:3208: gcc -o conftest -g -O2   conftest.c -lm  >&5
configure:3211: $? = 0
configure:3217: ./conftest
configure:3220: $? = 0
configure:3237: result: yes
configure:3261: checking for sys/types.h
configure:3282: gcc -c -g -O2  conftest.c >&5
configure:3288: $? = 0
configure:3304: result: yes
configure:3261: checking for sys/stat.h
configure:3282: gcc -c -g -O2  conftest.c >&5
configure:3288: $? = 0
configure:3304: result: yes
configure:3261: checking for stdlib.h
configure:3282: gcc -c -g -O2  conftest.c >&5
configure:3288: $? = 0
configure:3304: result: yes
configure:3261: checking for string.h
configure:3282: gcc -c -g -O2  conftest.c >&5
configure:3288: $? = 0
configure:3304: result: yes
configure:3261: checking for memory.h
configure:3282: gcc -c -g -O2  conftest.c >&5
configure:3288: $? = 0
configure:3304: result: yes
configure:3261: checking for strings.h
configure:3282: gcc -c -g -O2  conftest.c >&5
configure:3288: $? = 0
configure:3304: result: yes
configure:3261: checking for inttypes.h
configure:3282: gcc -c -g -O2  conftest.c >&5
configure:3288: $? = 0
configure:3304: result: yes
configure:3261: checking for stdint.h
configure:3282: gcc -c -g -O2  conftest.c >&5
configure:3288: $? = 0
configure:3304: result: yes
configure:3261: checking for unistd.h
configure:3282: gcc -c -g -O2  conftest.c >&5
configure:3288: $? = 0
configure:3304: result: yes
configure:3334: checking fcntl.h usability
configure:3351: gcc -c -g -O2  conftest.c >&5
configure:3357: $? = 0
configure:3371: result: yes
configure:3375: checking fcntl.h presence
configure:3390: gcc -E  conftest.c
configure:3396: $? = 0
configure:3410: result: yes
configure:3443: checking for fcntl.h
configure:3451: result: yes
configure:3324: checking for stdlib.h
configure:3330: result: yes
configure:3324: checking for string.h
configure:3330: result: yes
configure:3324: checking for unistd.h
configure:3330: result: yes
configure:3474: checking for memset
configure:3530: gcc -o conftest -g -O2   conftest.c -lm  >&5
conftest.c:46: warning: conflicting types for built-in function 'memset'
configure:3536: $? = 0
configure:3554: result: yes
configure:3474: checking for mkdir
configure:3530: gcc -o conftest -g -O2   conftest.c -lm  >&5
configure:3536: $? = 0
configure:3554: result: yes
configure:3474: checking for rmdir
configure:3530: gcc -o conftest -g -O2   conftest.c -lm  >&5
configure:3536: $? = 0
configure:3554: result: yes
configure:3667: creating ./config.status

## ---------------------- ##
## Running config.status. ##
## ---------------------- ##

This file was extended by FULL-PACKAGE-NAME config.status VERSION, which was
generated by GNU Autoconf 2.61.  Invocation command line was

  CONFIG_FILES    = 
  CONFIG_HEADERS  = 
  CONFIG_LINKS    = 
  CONFIG_COMMANDS = 
  $ ./config.status 

on localhost.localdomain

config.status:591: creating Makefile
config.status:591: creating config.h
config.status:812: config.h is unchanged

## ---------------- ##
## Cache variables. ##
## ---------------- ##

ac_cv_c_compiler_gnu=yes
ac_cv_env_CC_set=
ac_cv_env_CC_value=
ac_cv_env_CFLAGS_set=
ac_cv_env_CFLAGS_value=
ac_cv_env_CPPFLAGS_set=
ac_cv_env_CPPFLAGS_value=
ac_cv_env_CPP_set=
ac_cv_env_CPP_value=
ac_cv_env_LDFLAGS_set=
ac_cv_env_LDFLAGS_value=
ac_cv_env_LIBS_set=
ac_cv_env_LIBS_value=
ac_cv_env_build_alias_set=
ac_cv_env_build_alias_value=
ac_cv_env_host_alias_set=
ac_cv_env_host_alias_value=
ac_cv_env_target_alias_set=
ac_cv_env_target_alias_value=
ac_cv_func_memset=yes
ac_cv_func_mkdir=yes
ac_cv_func_rmdir=yes
ac_cv_header_fcntl_h=yes
ac_cv_header_inttypes_h=yes
ac_cv_header_memory_h=yes
ac_cv_header_stdc=yes
ac_cv_header_stdint_h=yes
ac_cv_header_stdlib_h=yes
ac_cv_header_string_h=yes
ac_cv_header_strings_h=yes
ac_cv_header_sys_stat_h=yes
ac_cv_header_sys_types_h=yes
ac_cv_header_unistd_h=yes
ac_cv_lib_m_main=yes
ac_cv_objext=o
ac_cv_path_EGREP='/bin/grep -E'
ac_cv_path_GREP=/bin/grep
ac_cv_prog_CPP='gcc -E'
ac_cv_prog_ac_ct_CC=gcc
ac_cv_prog_cc_c89=
ac_cv_prog_cc_g=yes

## ----------------- ##
## Output variables. ##
## ----------------- ##

CC='gcc'
CFLAGS='-g -O2'
CPP='gcc -E'
CPPFLAGS=''
DEFS='-DHAVE_CONFIG_H'
ECHO_C=''
ECHO_N='-n'
ECHO_T=''
EGREP='/bin/grep -E'
EXEEXT=''
GREP='/bin/grep'
LDFLAGS=''
LIBOBJS=''
LIBS='-lm '
LTLIBOBJS=''
OBJEXT='o'
PACKAGE_BUGREPORT='BUG-REPORT-ADDRESS'
PACKAGE_NAME='FULL-PACKAGE-NAME'
PACKAGE_STRING='FULL-PACKAGE-NAME VERSION'
PACKAGE_TARNAME='full-package-name'
PACKAGE_VERSION='VERSION'
PATH_SEPARATOR=':'
SHELL='/bin/sh'
ac_ct_CC='gcc'
bindir='${exec_prefix}/bin'
build_alias=''
datadir='${datarootdir}'
datarootdir='${prefix}/share'
docdir='${datarootdir}/doc/${PACKAGE_TARNAME}'
dvidir='${docdir}'
exec_prefix='${prefix}'
host_alias=''
htmldir='${docdir}'
includedir='${prefix}/include'
infodir='${datarootdir}/info'
libdir='${exec_prefix}/lib'
libexecdir='${exec_prefix}/libexec'
localedir='${datarootdir}/locale'
localstatedir='${prefix}/var'
mandir='${datarootdir}/man'
oldincludedir='/usr/include'
pdfdir='${docdir}'
prefix='/usr/local'
program_transform_name='s,x,x,'
psdir='${docdir}'
sbindir='${exec_prefix}/sbin'
sharedstatedir='${prefix}/com'
sysconfdir='${prefix}/etc'
target_alias=''

## ----------- ##
## confdefs.h. ##
## ----------- ##

#define PACKAGE_NAME "FULL-PACKAGE-NAME"
#define PACKAGE_TARNAME "full-package-name"
#define PACKAGE_VERSION "VERSION"
#define PACKAGE_STRING "FULL-PACKAGE-NAME VERSION"
#define PACKAGE_BUGREPORT "BUG-REPORT-ADDRESS"
#define HAVE_LIBM 1
#define STDC_HEADERS 1
#define HAVE_SYS_TYPES_H 1
#define HAVE_SYS_STAT_H 1
#define HAVE_STDLIB_H 1
#define HAVE_STRING_H 1
#define HAVE_MEMORY_H 1
#define HAVE_STRINGS_H 1
#define HAVE_INTTYPES_H 1
#define HAVE_STDINT_H 1
#define HAVE_UNISTD_H 1
#define HAVE_FCNTL_H 1
#define HAVE_STDLIB_H 1
#define HAVE_STRING_H 1
#define HAVE_UNISTD_H 1
#define HAVE_MEMSET 1
#define HAVE_MKDIR 1
#define HAVE_RMDIR 1

configure: exit 0
